<?xml version="1.0" encoding="UTF-8"?>
<testsuite xmlns:xsi="http://www.w3.org/2001/XMLSchema-instance" xsi:noNamespaceSchemaLocation="https://maven.apache.org/surefire/maven-surefire-plugin/xsd/surefire-test-report.xsd" name="runners.TestRunner" time="10.004" tests="2" errors="0" skipped="0" failures="0">
  <properties>
[...]
</properties>
  <testcase name="Navigating to duck duck go and search for the gov.uk website" classname="Duckduckgo automated test" time="4.95"/>
  <testcase name="Navigating to selenium easy and testing form input page" classname="Selenium easy form test" time="4.52"/>
</testsuite>